<?xml version="1.0" encoding="UTF-8" ?>
<testsuite tests="2" failures="1" name="TestSuite" time="62.308" errors="0" skipped="0">
  <properties>
[...]
</properties>
  <testcase classname="com.nowbookit.testng.runner.RunCucumberTest" name="runScenario" time="22.834">
    <failure message="no such element: Unable to locate element: {&quot;method&quot;:&quot;xpath&quot;,&quot;selector&quot;:&quot;//span[text()=&apos;8:30pm&apos;]&quot;}
  (Session info: chrome=107.0.5304.88)
For documentation on this error, please visit: https://selenium.dev/exceptions/#no_such_element
Build info: version: &apos;4.5.3&apos;, revision: &apos;4b786a1e430&apos;
System info: os.name: &apos;Windows 11&apos;, os.arch: &apos;amd64&apos;, os.version: &apos;10.0&apos;, java.version: &apos;11.0.14&apos;
Driver info: org.openqa.selenium.chrome.ChromeDriver
Command: [e6abd6d821317ce8ecbd3c2a8eae38ad, findElement {using=xpath, value=//span[text()=&apos;8:30pm&apos;]}]
Capabilities {acceptInsecureCerts: false, browserName: chrome, browserVersion: 107.0.5304.88, chrome: {chromedriverVersion: 107.0.5304.62 (1eec40d3a576..., userDataDir: C:\Users\duytr\AppData\Loca...}, goog:chromeOptions: {debuggerAddress: localhost:55193}, networkConnectionEnabled: false, pageLoadStrategy: normal, platformName: WINDOWS, proxy: Proxy(), se:cdp: ws://localhost:55193/devtoo..., se:cdpVersion: 107.0.5304.88, setWindowRect: true, strictFileInteractability: false, timeouts: {implicit: 0, pageLoad: 300000, script: 30000}, unhandledPromptBehavior: dismiss and notify, webauthn:extension:credBlob: true, webauthn:extension:largeBlob: true, webauthn:virtualAuthenticators: true}
Session ID: e6abd6d821317ce8ecbd3c2a8eae38ad" type="org.openqa.selenium.NoSuchElementException">org.openqa.selenium.NoSuchElementException: no such element: Unable to locate element: {&quot;method&quot;:&quot;xpath&quot;,&quot;selector&quot;:&quot;//span[text()=&apos;8:30pm&apos;]&quot;}
  (Session info: chrome=107.0.5304.88)
For documentation on this error, please visit: https://selenium.dev/exceptions/#no_such_element
Build info: version: &apos;4.5.3&apos;, revision: &apos;4b786a1e430&apos;
System info: os.name: &apos;Windows 11&apos;, os.arch: &apos;amd64&apos;, os.version: &apos;10.0&apos;, java.version: &apos;11.0.14&apos;
Driver info: org.openqa.selenium.chrome.ChromeDriver
Command: [e6abd6d821317ce8ecbd3c2a8eae38ad, findElement {using=xpath, value=//span[text()=&apos;8:30pm&apos;]}]
Capabilities {acceptInsecureCerts: false, browserName: chrome, browserVersion: 107.0.5304.88, chrome: {chromedriverVersion: 107.0.5304.62 (1eec40d3a576..., userDataDir: C:\Users\duytr\AppData\Loca...}, goog:chromeOptions: {debuggerAddress: localhost:55193}, networkConnectionEnabled: false, pageLoadStrategy: normal, platformName: WINDOWS, proxy: Proxy(), se:cdp: ws://localhost:55193/devtoo..., se:cdpVersion: 107.0.5304.88, setWindowRect: true, strictFileInteractability: false, timeouts: {implicit: 0, pageLoad: 300000, script: 30000}, unhandledPromptBehavior: dismiss and notify, webauthn:extension:credBlob: true, webauthn:extension:largeBlob: true, webauthn:virtualAuthenticators: true}
Session ID: e6abd6d821317ce8ecbd3c2a8eae38ad
	at java.base/jdk.internal.reflect.NativeConstructorAccessorImpl.newInstance0(Native Method)
	at java.base/jdk.internal.reflect.NativeConstructorAccessorImpl.newInstance(NativeConstructorAccessorImpl.java:62)
	at java.base/jdk.internal.reflect.DelegatingConstructorAccessorImpl.newInstance(DelegatingConstructorAccessorImpl.java:45)
	at java.base/java.lang.reflect.Constructor.newInstance(Constructor.java:490)
	at org.openqa.selenium.remote.codec.w3c.W3CHttpResponseCodec.createException(W3CHttpResponseCodec.java:200)
	at org.openqa.selenium.remote.codec.w3c.W3CHttpResponseCodec.decode(W3CHttpResponseCodec.java:133)
	at org.openqa.selenium.remote.codec.w3c.W3CHttpResponseCodec.decode(W3CHttpResponseCodec.java:53)
	at org.openqa.selenium.remote.HttpCommandExecutor.execute(HttpCommandExecutor.java:184)
	at org.openqa.selenium.remote.service.DriverCommandExecutor.invokeExecute(DriverCommandExecutor.java:167)
	at org.openqa.selenium.remote.service.DriverCommandExecutor.execute(DriverCommandExecutor.java:142)
	at org.openqa.selenium.remote.RemoteWebDriver.execute(RemoteWebDriver.java:541)
	at org.openqa.selenium.remote.ElementLocation$ElementFinder$2.findElement(ElementLocation.java:162)
	at org.openqa.selenium.remote.ElementLocation.findElement(ElementLocation.java:60)
	at org.openqa.selenium.remote.RemoteWebDriver.findElement(RemoteWebDriver.java:365)
	at org.openqa.selenium.remote.RemoteWebDriver.findElement(RemoteWebDriver.java:357)
	at com.nowbookit.pageobject.BookingsWidgetPage.selectATime(BookingsWidgetPage.java:59)
	at com.nowbookit.stepdefinitions.BookingWidgetSteps.userSelectTimeIs(BookingWidgetSteps.java:34)
	at ✽.User select time is &quot;8:30pm&quot;(classpath:features/BookingThroughBookingWidgetFlow.feature:13)
</failure>
    <system-out>
@NowBookItBooking @BookingThroughBookingWidgetFlow
Scenario: Booking Through Booking Widget Flow                                                           # features/BookingThroughBookingWidgetFlow.feature:5
  Given User Login to NBI application with Username and Password                                        # com.nowbookit.stepdefinitions.LoginSteps.userLoginToNBIApplicationWithUsernameAndPassword()
  When User navigates to Admin Portal page                                                              # com.nowbookit.stepdefinitions.LoginSteps.userNavigatesToAdminPortalPage()
  And User click on Venue Name &quot;My Pizza Shop&quot;                                                          # com.nowbookit.stepdefinitions.RestaurantsSteps.userClickOnVenueName(java.lang.String)
  And User click on open Booking Widget                                                                 # com.nowbookit.stepdefinitions.RestaurantsDetailsSteps.userClickOnOpenBookingWidget()
  And User should see the Booking Widget page displaying                                                # com.nowbookit.stepdefinitions.BookingWidgetSteps.userShouldSeeTheBookingWidgetPageDisplaying()
  And User click Plus button to add &quot;2&quot; people                                                          # com.nowbookit.stepdefinitions.BookingWidgetSteps.userClickPlusButtonToAddPeople(java.lang.String)
  And User select service is &quot;FOOD TIME&quot;                                                                # com.nowbookit.stepdefinitions.BookingWidgetSteps.userSelectServiceIs(java.lang.String)
  And User select time is &quot;8:30pm&quot;                                                                      # com.nowbookit.stepdefinitions.BookingWidgetSteps.userSelectTimeIs(java.lang.String)
      org.openqa.selenium.NoSuchElementException: no such element: Unable to locate element: {&quot;method&quot;:&quot;xpath&quot;,&quot;selector&quot;:&quot;//span[text()=&apos;8:30pm&apos;]&quot;}
  (Session info: chrome=107.0.5304.88)
For documentation on this error, please visit: https://selenium.dev/exceptions/#no_such_element
Build info: version: &apos;4.5.3&apos;, revision: &apos;4b786a1e430&apos;
System info: os.name: &apos;Windows 11&apos;, os.arch: &apos;amd64&apos;, os.version: &apos;10.0&apos;, java.version: &apos;11.0.14&apos;
Driver info: org.openqa.selenium.chrome.ChromeDriver
Command: [e6abd6d821317ce8ecbd3c2a8eae38ad, findElement {using=xpath, value=//span[text()=&apos;8:30pm&apos;]}]
Capabilities {acceptInsecureCerts: false, browserName: chrome, browserVersion: 107.0.5304.88, chrome: {chromedriverVersion: 107.0.5304.62 (1eec40d3a576..., userDataDir: C:\Users\duytr\AppData\Loca...}, goog:chromeOptions: {debuggerAddress: localhost:55193}, networkConnectionEnabled: false, pageLoadStrategy: normal, platformName: WINDOWS, proxy: Proxy(), se:cdp: ws://localhost:55193/devtoo..., se:cdpVersion: 107.0.5304.88, setWindowRect: true, strictFileInteractability: false, timeouts: {implicit: 0, pageLoad: 300000, script: 30000}, unhandledPromptBehavior: dismiss and notify, webauthn:extension:credBlob: true, webauthn:extension:largeBlob: true, webauthn:virtualAuthenticators: true}
Session ID: e6abd6d821317ce8ecbd3c2a8eae38ad
	at java.base/jdk.internal.reflect.NativeConstructorAccessorImpl.newInstance0(Native Method)
	at java.base/jdk.internal.reflect.NativeConstructorAccessorImpl.newInstance(NativeConstructorAccessorImpl.java:62)
	at java.base/jdk.internal.reflect.DelegatingConstructorAccessorImpl.newInstance(DelegatingConstructorAccessorImpl.java:45)
	at java.base/java.lang.reflect.Constructor.newInstance(Constructor.java:490)
	at org.openqa.selenium.remote.codec.w3c.W3CHttpResponseCodec.createException(W3CHttpResponseCodec.java:200)
	at org.openqa.selenium.remote.codec.w3c.W3CHttpResponseCodec.decode(W3CHttpResponseCodec.java:133)
	at org.openqa.selenium.remote.codec.w3c.W3CHttpResponseCodec.decode(W3CHttpResponseCodec.java:53)
	at org.openqa.selenium.remote.HttpCommandExecutor.execute(HttpCommandExecutor.java:184)
	at org.openqa.selenium.remote.service.DriverCommandExecutor.invokeExecute(DriverCommandExecutor.java:167)
	at org.openqa.selenium.remote.service.DriverCommandExecutor.execute(DriverCommandExecutor.java:142)
	at org.openqa.selenium.remote.RemoteWebDriver.execute(RemoteWebDriver.java:541)
	at org.openqa.selenium.remote.ElementLocation$ElementFinder$2.findElement(ElementLocation.java:162)
	at org.openqa.selenium.remote.ElementLocation.findElement(ElementLocation.java:60)
	at org.openqa.selenium.remote.RemoteWebDriver.findElement(RemoteWebDriver.java:365)
	at org.openqa.selenium.remote.RemoteWebDriver.findElement(RemoteWebDriver.java:357)
	at com.nowbookit.pageobject.BookingsWidgetPage.selectATime(BookingsWidgetPage.java:59)
	at com.nowbookit.stepdefinitions.BookingWidgetSteps.userSelectTimeIs(BookingWidgetSteps.java:34)
	at âœ½.User select time is &quot;8:30pm&quot;(classpath:features/BookingThroughBookingWidgetFlow.feature:13)

  And User click on Next button                                                                         # com.nowbookit.stepdefinitions.BookingWidgetSteps.userClickOnNextButton()
  And User input detail information                                                                     # com.nowbookit.stepdefinitions.BookingWidgetSteps.userInputDetailInformation(io.cucumber.datatable.DataTable)
    | Fields       | Values                      |
    | First Name   | zdravko                     |
    | Last Name    | stojkoski                   |
    | Mobile       | 0423845803                  |
    | Email        | zdravko.stojkoski@gmail.com |
    | Company Name | test                        |
  And User click on Book Now button                                                                     # com.nowbookit.stepdefinitions.BookingWidgetSteps.userClickOnBookNowButton()
  And User back to the Restaurants detail page and click on open Restaurant button                      # com.nowbookit.stepdefinitions.BookingWidgetSteps.userBackToTheRestaurantsDetailPageAndClickOnOpenRestaurantButton()
  And User should see the Booking page displaying                                                       # com.nowbookit.stepdefinitions.BookingSteps.userShouldSeeTheBookingPageDisplaying()
  And User open created booking with name is &quot;zdravko stojkoski, test&quot;                                  # com.nowbookit.stepdefinitions.BookingSteps.userOpenCreatedBookingWithNameIs(java.lang.String)
  Then Users should see that the information they have entered by booking widget is displayed correctly # com.nowbookit.stepdefinitions.BookingSteps.usersShouldSeeThatTheInformationTheyHaveEnteredByBookingWidgetIsDisplayedCorrectly(io.cucumber.datatable.DataTable)
    | Fields       | Values                      |
    | People       | 2                           |
    | Time         | 8:30pm                      |
    | First Name   | zdravko                     |
    | Last Name    | stojkoski                   |
    | Mobile       | +61 423 845 803             |
    | Email        | ZDRAVKO.STOJKOSKI@GMAIL.COM |
    | Company Name | test                        |
  And User cancel above booking                                                                         # com.nowbookit.stepdefinitions.BookingSteps.userCancelAboveBooking()
</system-out>
    <system-err>SLF4J: Failed to load class &quot;org.slf4j.impl.StaticLoggerBinder&quot;.
SLF4J: Defaulting to no-operation (NOP) logger implementation
SLF4J: See http://www.slf4j.org/codes.html#StaticLoggerBinder for further details.
Starting ChromeDriver 107.0.5304.62 (1eec40d3a5764881c92085aaee66d25075c159aa-refs/branch-heads/5304@{#942}) on port 34628
Only local connections are allowed.
Please see https://chromedriver.chromium.org/security-considerations for suggestions on keeping ChromeDriver safe.
ChromeDriver was started successfully.
Nov 06, 2022 4:41:51 PM org.openqa.selenium.devtools.CdpVersionFinder findNearestMatch
WARNING: Unable to find an exact match for CDP version 107, so returning the closest version found: 106
</system-err>
  </testcase>
  <testcase classname="com.nowbookit.testng.runner.RunCucumberTest" name="runScenario" time="39.474"/>
</testsuite>